Flow report for MIPS_Multiciclo
Mon Dec 14 22:02:30 2015
Quartus II 64-Bit Version 13.0.0 Build 156 04/24/2013 SJ Web Edition


---------------------
; Table of Contents ;
---------------------
  1. Legal Notice
  2. Flow Summary
  3. Flow Settings
  4. Flow Non-Default Global Settings
  5. Flow Elapsed Time
  6. Flow OS Summary
  7. Flow Log
  8. Flow Messages
  9. Flow Suppressed Messages



----------------
; Legal Notice ;
----------------
Copyright (C) 1991-2013 Altera Corporation
Your use of Altera Corporation's design tools, logic functions 
and other software and tools, and its AMPP partner logic 
functions, and any output files from any of the foregoing 
(including device programming or simulation files), and any 
associated documentation or information are expressly subject 
to the terms and conditions of the Altera Program License 
Subscription Agreement, Altera MegaCore Function License 
Agreement, or other applicable license agreement, including, 
without limitation, that your use is for the sole purpose of 
programming logic devices manufactured by Altera and sold by 
Altera or its authorized distributors.  Please refer to the 
applicable agreement for further details.



+---------------------------------------------------------------------------------+
; Flow Summary                                                                    ;
+------------------------------------+--------------------------------------------+
; Flow Status                        ; Successful - Mon Dec 14 22:02:30 2015      ;
; Quartus II 64-Bit Version          ; 13.0.0 Build 156 04/24/2013 SJ Web Edition ;
; Revision Name                      ; MIPS_Multiciclo                            ;
; Top-level Entity Name              ; MIPS_Multiciclo                            ;
; Family                             ; Cyclone II                                 ;
; Device                             ; EP2C5F256C6                                ;
; Timing Models                      ; Final                                      ;
; Total logic elements               ; 1,114                                      ;
;     Total combinational functions  ; 1,014                                      ;
;     Dedicated logic registers      ; 275                                        ;
; Total registers                    ; 275                                        ;
; Total pins                         ; 338                                        ;
; Total virtual pins                 ; 0                                          ;
; Total memory bits                  ; 10,240                                     ;
; Embedded Multiplier 9-bit elements ; 0                                          ;
; Total PLLs                         ; 0                                          ;
+------------------------------------+--------------------------------------------+


+-----------------------------------------+
; Flow Settings                           ;
+-------------------+---------------------+
; Option            ; Setting             ;
+-------------------+---------------------+
; Start date & time ; 12/14/2015 22:00:04 ;
; Main task         ; Compilation         ;
; Revision Name     ; MIPS_Multiciclo     ;
+-------------------+---------------------+


+---------------------------------------------------------------------------------------------------------------------------------------+
; Flow Non-Default Global Settings                                                                                                      ;
+--------------------------------------+-------------------------------------------------+---------------+-------------+----------------+
; Assignment Name                      ; Value                                           ; Default Value ; Entity Name ; Section Id     ;
+--------------------------------------+-------------------------------------------------+---------------+-------------+----------------+
; COMPILER_SIGNATURE_ID                ; 140845738680031.145013760408348                 ; --            ; --          ; --             ;
; EDA_DESIGN_INSTANCE_NAME             ; i1                                              ; --            ; --          ; tb             ;
; EDA_GENERATE_FUNCTIONAL_NETLIST      ; On                                              ; --            ; --          ; eda_simulation ;
; EDA_NATIVELINK_SIMULATION_TEST_BENCH ; tb                                              ; --            ; --          ; eda_simulation ;
; EDA_OUTPUT_DATA_FORMAT               ; Verilog Hdl                                     ; --            ; --          ; eda_simulation ;
; EDA_SIMULATION_TOOL                  ; ModelSim-Altera (Verilog)                       ; <None>        ; --          ; --             ;
; EDA_TEST_BENCH_ENABLE_STATUS         ; TEST_BENCH_MODE                                 ; --            ; --          ; eda_simulation ;
; EDA_TEST_BENCH_FILE                  ; simulation/modelsim/MIPS_Multiciclo_vhd_tst.vhd ; --            ; --          ; tb             ;
; EDA_TEST_BENCH_MODULE_NAME           ; MIPS_Multiciclo_vhd_tst                         ; --            ; --          ; tb             ;
; EDA_TEST_BENCH_NAME                  ; tb                                              ; --            ; --          ; eda_simulation ;
; EDA_TEST_BENCH_RUN_SIM_FOR           ; 2000 ps                                         ; --            ; --          ; tb             ;
; EDA_TIME_SCALE                       ; 1 ps                                            ; --            ; --          ; eda_simulation ;
; MAX_CORE_JUNCTION_TEMP               ; 85                                              ; --            ; --          ; --             ;
; MIN_CORE_JUNCTION_TEMP               ; 0                                               ; --            ; --          ; --             ;
; PARTITION_COLOR                      ; 16764057                                        ; --            ; --          ; Top            ;
; PARTITION_FITTER_PRESERVATION_LEVEL  ; PLACEMENT_AND_ROUTING                           ; --            ; --          ; Top            ;
; PARTITION_NETLIST_TYPE               ; SOURCE                                          ; --            ; --          ; Top            ;
; POWER_BOARD_THERMAL_MODEL            ; None (CONSERVATIVE)                             ; --            ; --          ; --             ;
; POWER_PRESET_COOLING_SOLUTION        ; 23 MM HEAT SINK WITH 200 LFPM AIRFLOW           ; --            ; --          ; --             ;
; PROJECT_OUTPUT_DIRECTORY             ; output_files                                    ; --            ; --          ; --             ;
+--------------------------------------+-------------------------------------------------+---------------+-------------+----------------+


+--------------------------------------------------------------------------------------------------------------------------+
; Flow Elapsed Time                                                                                                        ;
+----------------------+--------------+-------------------------+---------------------+------------------------------------+
; Module Name          ; Elapsed Time ; Average Processors Used ; Peak Virtual Memory ; Total CPU Time (on all processors) ;
+----------------------+--------------+-------------------------+---------------------+------------------------------------+
; Analysis & Synthesis ; 00:00:06     ; 1.0                     ; 508 MB              ; 00:00:06                           ;
; EDA Netlist Writer   ; 00:00:01     ; 1.0                     ; 387 MB              ; 00:00:01                           ;
; EDA Netlist Writer   ; 00:00:01     ; 1.0                     ; 387 MB              ; 00:00:01                           ;
; Total                ; 00:00:08     ; --                      ; --                  ; 00:00:08                           ;
+----------------------+--------------+-------------------------+---------------------+------------------------------------+


+-----------------------------------------------------------------------------------+
; Flow OS Summary                                                                   ;
+----------------------+------------------+-----------+------------+----------------+
; Module Name          ; Machine Hostname ; OS Name   ; OS Version ; Processor type ;
+----------------------+------------------+-----------+------------+----------------+
; Analysis & Synthesis ; RODTAIRA         ; Windows 7 ; 6.2        ; x86_64         ;
; EDA Netlist Writer   ; RODTAIRA         ; Windows 7 ; 6.2        ; x86_64         ;
; EDA Netlist Writer   ; RODTAIRA         ; Windows 7 ; 6.2        ; x86_64         ;
+----------------------+------------------+-----------+------------+----------------+


------------
; Flow Log ;
------------
quartus_map --read_settings_files=on --write_settings_files=off MIPS_Multiciclo -c MIPS_Multiciclo
quartus_eda --gen_testbench --check_outputs=on --tool=modelsim_oem --format=verilog MIPS_Multiciclo -c MIPS_Multiciclo --vector_source=C:/Users/rodtairaunb.RODTAIRA/Desktop/MIPS_Multiciclo/MIPS_Multiciclo.vwf --testbench_file=./simulation/qsim/MIPS_Multiciclo.vt
quartus_eda --functional=on --simulation=on --tool=modelsim_oem --format=verilog MIPS_Multiciclo -c MIPS_Multiciclo



